<?xml version="1.0" encoding="UTF-8"?>
<!-- Generated by org.testng.reporters.JUnitReportReporter -->
<testsuite hostname="DESKTOP-AFOKIGP" failures="0" tests="2" name="loans.HomeLoans" time="0.005" errors="0" timestamp="2023-03-30T16:54:59 IST" skipped="0">
  <testcase classname="loans.HomeLoans" name="homeBuy" time="0.002"/>
  <system-out/>
  <testcase classname="loans.HomeLoans" name="homePledge" time="0.003"/>
  <system-out/>
</testsuite> <!-- loans.HomeLoans -->
