<?xml version="1.0" encoding="UTF-8"?>
<!-- Generated by org.testng.reporters.JUnitReportReporter -->
<testsuite hostname="DESKTOP-AFOKIGP" failures="0" tests="1" name="openBankAccount.SavingsBankAccount" time="0.003" errors="0" timestamp="2023-03-30T16:54:18 IST" skipped="0">
  <testcase classname="openBankAccount.SavingsBankAccount" name="savings" time="0.003"/>
  <system-out/>
</testsuite> <!-- openBankAccount.SavingsBankAccount -->
