<?xml version="1.0" encoding="UTF-8"?>
<!-- Generated by org.testng.reporters.JUnitReportReporter -->
<testsuite hostname="DESKTOP-AFOKIGP" failures="0" tests="1" name="openBankAccount.ZeroBalance" time="0.010" errors="0" timestamp="2023-03-30T16:54:59 IST" skipped="0">
  <testcase classname="openBankAccount.ZeroBalance" name="zeroForOlderPeople" time="0.010"/>
  <system-out/>
</testsuite> <!-- openBankAccount.ZeroBalance -->
