<?xml version="1.0" encoding="UTF-8"?>
<!-- Generated by org.testng.reporters.JUnitReportReporter -->
<testsuite hostname="DESKTOP-AFOKIGP" failures="0" tests="1" name="openBankAccount.CurrentAccount" time="0.001" errors="0" timestamp="2023-03-30T16:54:18 IST" skipped="0">
  <testcase classname="openBankAccount.CurrentAccount" name="cureentAcc" time="0.001"/>
  <system-out/>
</testsuite> <!-- openBankAccount.CurrentAccount -->
